2020-11-13 12:23:53 hashrate chart collected value 1. Total sets count 1
2020-11-13 12:23:53 hashrateSolo chart collected value 0. Total sets count 1
2020-11-13 12:23:53 miners chart collected value 1. Total sets count 1
2020-11-13 12:23:53 minersSolo chart collected value 0. Total sets count 1
2020-11-13 12:23:53 workers chart collected value 1. Total sets count 1
2020-11-13 12:23:53 workersSolo chart collected value 0. Total sets count 1
2020-11-13 12:23:53 worker_hashrate:inf8TBfKP8oNoRGWYAFNF4ExX4EDbfsBzVxSfvGZz6RMEfVj4GETHJvUnWLxpXijvAHR6UAg81GAofJ8BtvCVduE91AXsYY9xr~undefined chart collected value 1. Total sets count 1
2020-11-13 12:24:53 hashrate chart collected value 5. Total sets count 1
2020-11-13 12:24:53 hashrateSolo chart collected value 0. Total sets count 1
2020-11-13 12:24:53 miners chart collected value 1. Total sets count 1
2020-11-13 12:24:53 minersSolo chart collected value 0. Total sets count 1
2020-11-13 12:24:53 workers chart collected value 1. Total sets count 1
2020-11-13 12:24:53 workersSolo chart collected value 0. Total sets count 1
2020-11-13 12:24:53 worker_hashrate:inf8TBfKP8oNoRGWYAFNF4ExX4EDbfsBzVxSfvGZz6RMEfVj4GETHJvUnWLxpXijvAHR6UAg81GAofJ8BtvCVduE91AXsYY9xr~undefined chart collected value 5. Total sets count 1
2020-11-13 12:25:53 hashrate:inf8TBfKP8oNoRGWYAFNF4ExX4EDbfsBzVxSfvGZz6RMEfVj4GETHJvUnWLxpXijvAHR6UAg81GAofJ8BtvCVduE91AXsYY9xr chart collected value 13. Total sets count 1
2020-11-13 12:25:53 hashrate chart collected value 13. Total sets count 1
2020-11-13 12:25:53 hashrateSolo chart collected value 0. Total sets count 1
2020-11-13 12:25:53 miners chart collected value 1. Total sets count 1
2020-11-13 12:25:53 minersSolo chart collected value 0. Total sets count 1
2020-11-13 12:25:53 workers chart collected value 1. Total sets count 1
2020-11-13 12:25:53 workersSolo chart collected value 0. Total sets count 1
2020-11-13 12:25:53 worker_hashrate:inf8TBfKP8oNoRGWYAFNF4ExX4EDbfsBzVxSfvGZz6RMEfVj4GETHJvUnWLxpXijvAHR6UAg81GAofJ8BtvCVduE91AXsYY9xr~undefined chart collected value 13. Total sets count 2
2020-11-13 12:29:07 hashrate chart collected value 25. Total sets count 1
2020-11-13 12:29:07 hashrateSolo chart collected value 0. Total sets count 1
2020-11-13 12:29:07 miners chart collected value 1. Total sets count 1
2020-11-13 12:29:07 minersSolo chart collected value 0. Total sets count 1
2020-11-13 12:29:07 workers chart collected value 1. Total sets count 1
2020-11-13 12:29:07 workersSolo chart collected value 0. Total sets count 1
2020-11-13 12:29:07 worker_hashrate:inf8TBfKP8oNoRGWYAFNF4ExX4EDbfsBzVxSfvGZz6RMEfVj4GETHJvUnWLxpXijvAHR6UAg81GAofJ8BtvCVduE91AXsYY9xr~undefined chart collected value 25. Total sets count 3
2020-11-13 12:30:07 hashrate chart collected value 25. Total sets count 1
2020-11-13 12:30:07 hashrateSolo chart collected value 0. Total sets count 1
2020-11-13 12:30:07 miners chart collected value 1. Total sets count 1
2020-11-13 12:30:07 minersSolo chart collected value 0. Total sets count 1
2020-11-13 12:30:07 workers chart collected value 1. Total sets count 1
2020-11-13 12:30:07 workersSolo chart collected value 0. Total sets count 1
2020-11-13 12:30:07 worker_hashrate:inf8TBfKP8oNoRGWYAFNF4ExX4EDbfsBzVxSfvGZz6RMEfVj4GETHJvUnWLxpXijvAHR6UAg81GAofJ8BtvCVduE91AXsYY9xr~undefined chart collected value 25. Total sets count 3
2020-11-13 12:31:48 hashrate chart collected value 0. Total sets count 1
2020-11-13 12:31:48 hashrateSolo chart collected value 0. Total sets count 1
2020-11-13 12:31:48 miners chart collected value 0. Total sets count 1
2020-11-13 12:31:48 minersSolo chart collected value 0. Total sets count 1
2020-11-13 12:31:48 workers chart collected value 0. Total sets count 1
2020-11-13 12:31:48 workersSolo chart collected value 0. Total sets count 1
2020-11-13 13:34:23 hashrate chart collected value 0. Total sets count 2
2020-11-13 13:34:23 hashrateSolo chart collected value 0. Total sets count 2
2020-11-13 13:34:23 miners chart collected value 0. Total sets count 2
2020-11-13 13:34:23 minersSolo chart collected value 0. Total sets count 2
2020-11-13 13:34:23 workers chart collected value 0. Total sets count 2
2020-11-13 13:34:23 workersSolo chart collected value 0. Total sets count 2
2020-11-13 13:57:30 hashrate chart collected value 0. Total sets count 2
2020-11-13 13:57:30 hashrateSolo chart collected value 0. Total sets count 2
2020-11-13 13:57:30 miners chart collected value 0. Total sets count 2
2020-11-13 13:57:30 minersSolo chart collected value 0. Total sets count 2
2020-11-13 13:57:30 workers chart collected value 0. Total sets count 2
2020-11-13 13:57:30 workersSolo chart collected value 0. Total sets count 2
2020-11-13 13:58:30 hashrate chart collected value 0. Total sets count 2
2020-11-13 13:58:30 hashrateSolo chart collected value 0. Total sets count 2
2020-11-13 13:58:30 miners chart collected value 0. Total sets count 2
2020-11-13 13:58:30 minersSolo chart collected value 0. Total sets count 2
2020-11-13 13:58:30 workers chart collected value 0. Total sets count 2
2020-11-13 13:58:30 workersSolo chart collected value 0. Total sets count 2
2020-11-13 13:59:30 hashrate chart collected value 0. Total sets count 2
2020-11-13 13:59:30 hashrateSolo chart collected value 0. Total sets count 2
2020-11-13 13:59:30 miners chart collected value 0. Total sets count 2
2020-11-13 13:59:30 minersSolo chart collected value 0. Total sets count 2
2020-11-13 13:59:30 workers chart collected value 0. Total sets count 2
2020-11-13 13:59:30 workersSolo chart collected value 0. Total sets count 2
2020-11-13 14:00:30 hashrate chart collected value 0. Total sets count 2
2020-11-13 14:00:30 hashrateSolo chart collected value 0. Total sets count 2
2020-11-13 14:00:30 miners chart collected value 0. Total sets count 2
2020-11-13 14:00:30 minersSolo chart collected value 0. Total sets count 2
2020-11-13 14:00:30 workers chart collected value 0. Total sets count 2
2020-11-13 14:00:30 workersSolo chart collected value 0. Total sets count 2
2020-11-13 14:01:30 miners chart collected value 0. Total sets count 2
2020-11-13 14:01:30 minersSolo chart collected value 0. Total sets count 2
2020-11-13 14:01:30 hashrate chart collected value 0. Total sets count 2
2020-11-13 14:01:30 hashrateSolo chart collected value 0. Total sets count 2
2020-11-13 14:01:30 workers chart collected value 0. Total sets count 2
2020-11-13 14:01:30 workersSolo chart collected value 0. Total sets count 2
2020-11-13 14:02:30 miners chart collected value 0. Total sets count 2
2020-11-13 14:02:30 minersSolo chart collected value 0. Total sets count 2
2020-11-13 14:02:30 workers chart collected value 0. Total sets count 2
2020-11-13 14:02:30 workersSolo chart collected value 0. Total sets count 2
2020-11-13 14:02:30 hashrate chart collected value 0. Total sets count 2
2020-11-13 14:02:30 hashrateSolo chart collected value 0. Total sets count 2
2020-11-13 14:03:30 hashrate chart collected value 0. Total sets count 2
2020-11-13 14:03:30 hashrateSolo chart collected value 0. Total sets count 2
2020-11-13 14:03:30 miners chart collected value 0. Total sets count 2
2020-11-13 14:03:30 minersSolo chart collected value 0. Total sets count 2
2020-11-13 14:03:30 workers chart collected value 0. Total sets count 2
2020-11-13 14:03:30 workersSolo chart collected value 0. Total sets count 2
2020-11-13 14:04:30 miners chart collected value 0. Total sets count 3
2020-11-13 14:04:30 minersSolo chart collected value 0. Total sets count 3
2020-11-13 14:04:30 hashrate chart collected value 0. Total sets count 3
2020-11-13 14:04:30 hashrateSolo chart collected value 0. Total sets count 3
2020-11-13 14:04:30 workers chart collected value 0. Total sets count 3
2020-11-13 14:04:30 workersSolo chart collected value 0. Total sets count 3
2020-11-13 14:05:30 hashrate chart collected value 0. Total sets count 3
2020-11-13 14:05:30 hashrateSolo chart collected value 0. Total sets count 3
2020-11-13 14:05:30 miners chart collected value 0. Total sets count 3
2020-11-13 14:05:30 minersSolo chart collected value 0. Total sets count 3
2020-11-13 14:05:30 workers chart collected value 0. Total sets count 3
2020-11-13 14:05:30 workersSolo chart collected value 0. Total sets count 3
2020-11-13 14:06:30 hashrate chart collected value 0. Total sets count 3
2020-11-13 14:06:30 hashrateSolo chart collected value 0. Total sets count 3
2020-11-13 14:06:30 miners chart collected value 0. Total sets count 3
2020-11-13 14:06:30 minersSolo chart collected value 0. Total sets count 3
2020-11-13 14:06:30 workers chart collected value 0. Total sets count 3
2020-11-13 14:06:30 workersSolo chart collected value 0. Total sets count 3
2020-11-13 14:07:30 hashrate chart collected value 0. Total sets count 3
2020-11-13 14:07:30 hashrateSolo chart collected value 0. Total sets count 3
2020-11-13 14:07:30 miners chart collected value 0. Total sets count 3
2020-11-13 14:07:30 minersSolo chart collected value 0. Total sets count 3
2020-11-13 14:07:30 workers chart collected value 0. Total sets count 3
2020-11-13 14:07:30 workersSolo chart collected value 0. Total sets count 3
2020-11-13 14:08:30 miners chart collected value 0. Total sets count 3
2020-11-13 14:08:30 minersSolo chart collected value 0. Total sets count 3
2020-11-13 14:08:30 hashrate chart collected value 0. Total sets count 3
2020-11-13 14:08:30 hashrateSolo chart collected value 0. Total sets count 3
2020-11-13 14:08:30 workers chart collected value 0. Total sets count 3
2020-11-13 14:08:30 workersSolo chart collected value 0. Total sets count 3
2020-11-13 14:09:30 hashrate chart collected value 0. Total sets count 3
2020-11-13 14:09:30 hashrateSolo chart collected value 0. Total sets count 3
2020-11-13 14:09:30 miners chart collected value 0. Total sets count 3
2020-11-13 14:09:30 minersSolo chart collected value 0. Total sets count 3
2020-11-13 14:09:30 workers chart collected value 0. Total sets count 3
2020-11-13 14:09:30 workersSolo chart collected value 0. Total sets count 3
2020-11-13 14:10:30 hashrate chart collected value 0. Total sets count 3
2020-11-13 14:10:30 hashrateSolo chart collected value 0. Total sets count 3
2020-11-13 14:10:30 miners chart collected value 0. Total sets count 3
2020-11-13 14:10:30 minersSolo chart collected value 0. Total sets count 3
2020-11-13 14:10:30 workers chart collected value 0. Total sets count 3
2020-11-13 14:10:30 workersSolo chart collected value 0. Total sets count 3
2020-11-13 14:11:30 hashrate chart collected value 0. Total sets count 3
2020-11-13 14:11:30 hashrateSolo chart collected value 0. Total sets count 3
2020-11-13 14:11:30 miners chart collected value 0. Total sets count 3
2020-11-13 14:11:30 minersSolo chart collected value 0. Total sets count 3
2020-11-13 14:11:30 workers chart collected value 0. Total sets count 3
2020-11-13 14:11:30 workersSolo chart collected value 0. Total sets count 3
2020-11-13 14:12:30 miners chart collected value 0. Total sets count 3
2020-11-13 14:12:30 minersSolo chart collected value 0. Total sets count 3
2020-11-13 14:12:30 hashrate chart collected value 0. Total sets count 3
2020-11-13 14:12:30 hashrateSolo chart collected value 0. Total sets count 3
2020-11-13 14:12:30 workers chart collected value 0. Total sets count 3
2020-11-13 14:12:30 workersSolo chart collected value 0. Total sets count 3
2020-11-13 14:13:30 hashrate chart collected value 0. Total sets count 3
2020-11-13 14:13:30 hashrateSolo chart collected value 0. Total sets count 3
2020-11-13 14:13:30 miners chart collected value 0. Total sets count 3
2020-11-13 14:13:30 minersSolo chart collected value 0. Total sets count 3
2020-11-13 14:13:30 workers chart collected value 0. Total sets count 3
2020-11-13 14:13:30 workersSolo chart collected value 0. Total sets count 3
2020-11-13 14:14:30 hashrate chart collected value 0. Total sets count 3
2020-11-13 14:14:30 hashrateSolo chart collected value 0. Total sets count 3
2020-11-13 14:14:30 miners chart collected value 0. Total sets count 3
2020-11-13 14:14:30 minersSolo chart collected value 0. Total sets count 3
2020-11-13 14:14:30 workers chart collected value 0. Total sets count 3
2020-11-13 14:14:30 workersSolo chart collected value 0. Total sets count 3
2020-11-13 14:15:30 miners chart collected value 0. Total sets count 3
2020-11-13 14:15:30 minersSolo chart collected value 0. Total sets count 3
2020-11-13 14:15:30 hashrate chart collected value 0. Total sets count 3
2020-11-13 14:15:30 hashrateSolo chart collected value 0. Total sets count 3
2020-11-13 14:15:30 workers chart collected value 0. Total sets count 3
2020-11-13 14:15:30 workersSolo chart collected value 0. Total sets count 3
2020-11-13 14:16:30 hashrate chart collected value 0. Total sets count 3
2020-11-13 14:16:30 hashrateSolo chart collected value 0. Total sets count 3
2020-11-13 14:16:30 miners chart collected value 0. Total sets count 3
2020-11-13 14:16:30 minersSolo chart collected value 0. Total sets count 3
2020-11-13 14:16:30 workers chart collected value 0. Total sets count 3
2020-11-13 14:16:30 workersSolo chart collected value 0. Total sets count 3
2020-11-13 14:17:30 hashrate chart collected value 0. Total sets count 3
2020-11-13 14:17:30 hashrateSolo chart collected value 0. Total sets count 3
2020-11-13 14:17:30 miners chart collected value 0. Total sets count 3
2020-11-13 14:17:30 minersSolo chart collected value 0. Total sets count 3
2020-11-13 14:17:30 workers chart collected value 0. Total sets count 3
2020-11-13 14:17:30 workersSolo chart collected value 0. Total sets count 3
2020-11-13 14:18:30 miners chart collected value 0. Total sets count 3
2020-11-13 14:18:30 minersSolo chart collected value 0. Total sets count 3
2020-11-13 14:18:30 hashrate chart collected value 0. Total sets count 3
2020-11-13 14:18:30 hashrateSolo chart collected value 0. Total sets count 3
2020-11-13 14:18:30 workers chart collected value 0. Total sets count 3
2020-11-13 14:18:30 workersSolo chart collected value 0. Total sets count 3
2020-11-13 14:19:30 hashrate chart collected value 0. Total sets count 3
2020-11-13 14:19:30 hashrateSolo chart collected value 0. Total sets count 3
2020-11-13 14:19:30 miners chart collected value 0. Total sets count 3
2020-11-13 14:19:30 minersSolo chart collected value 0. Total sets count 3
2020-11-13 14:19:30 workers chart collected value 0. Total sets count 3
2020-11-13 14:19:30 workersSolo chart collected value 0. Total sets count 3
2020-11-13 14:20:30 hashrate chart collected value 0. Total sets count 3
2020-11-13 14:20:30 hashrateSolo chart collected value 0. Total sets count 3
2020-11-13 14:20:30 miners chart collected value 0. Total sets count 3
2020-11-13 14:20:30 minersSolo chart collected value 0. Total sets count 3
2020-11-13 14:20:30 workers chart collected value 0. Total sets count 3
2020-11-13 14:20:30 workersSolo chart collected value 0. Total sets count 3
2020-11-13 14:21:30 hashrate chart collected value 0. Total sets count 3
2020-11-13 14:21:30 hashrateSolo chart collected value 0. Total sets count 3
2020-11-13 14:21:30 miners chart collected value 0. Total sets count 3
2020-11-13 14:21:30 minersSolo chart collected value 0. Total sets count 3
2020-11-13 14:21:30 workers chart collected value 0. Total sets count 3
2020-11-13 14:21:30 workersSolo chart collected value 0. Total sets count 3
2020-11-13 14:22:30 hashrate chart collected value 0. Total sets count 3
2020-11-13 14:22:30 hashrateSolo chart collected value 0. Total sets count 3
2020-11-13 14:22:30 miners chart collected value 0. Total sets count 3
2020-11-13 14:22:30 minersSolo chart collected value 0. Total sets count 3
2020-11-13 14:22:30 workers chart collected value 0. Total sets count 3
2020-11-13 14:22:30 workersSolo chart collected value 0. Total sets count 3
