2020-11-13 11:42:03 Daemon died, spawning replacement...
2020-11-13 11:42:03 Daemon died, spawning replacement...
2020-11-13 11:42:03 Daemon died, spawning replacement...
2020-11-13 11:42:04 Daemon died, spawning replacement...
2020-11-13 11:42:04 Daemon died, spawning replacement...
2020-11-13 11:42:04 Daemon died, spawning replacement...
2020-11-13 11:42:04 Daemon died, spawning replacement...
2020-11-13 11:42:04 Daemon died, spawning replacement...
2020-11-13 11:42:05 Daemon died, spawning replacement...
2020-11-13 11:42:05 Daemon died, spawning replacement...
2020-11-13 11:42:05 Daemon died, spawning replacement...
2020-11-13 11:42:05 Daemon died, spawning replacement...
2020-11-13 11:42:06 Daemon died, spawning replacement...
2020-11-13 11:42:06 Daemon died, spawning replacement...
2020-11-13 11:42:06 Block unlocker died, spawning replacement...
2020-11-13 11:42:06 Payment processor died, spawning replacement...
2020-11-13 11:42:06 Pool fork 1 died, spawning replacement worker...
2020-11-13 11:42:06 API died, spawning replacement...
2020-11-13 11:42:06 Daemon died, spawning replacement...
2020-11-13 11:42:06 Daemon died, spawning replacement...
2020-11-13 11:42:07 Daemon died, spawning replacement...
2020-11-13 11:42:07 Daemon died, spawning replacement...
2020-11-13 11:42:07 Daemon died, spawning replacement...
2020-11-13 11:42:07 Daemon died, spawning replacement...
2020-11-13 11:42:07 Daemon died, spawning replacement...
2020-11-13 11:42:07 Daemon died, spawning replacement...
2020-11-13 12:23:56 API died, spawning replacement...
2020-11-13 12:25:01 API died, spawning replacement...
2020-11-13 12:26:06 API died, spawning replacement...
2020-11-13 12:29:10 API died, spawning replacement...
2020-11-13 12:30:15 API died, spawning replacement...
2020-11-13 12:31:50 API died, spawning replacement...
2020-11-13 13:44:32 Pool fork 1 died, spawning replacement worker...
2020-11-13 13:44:35 Pool fork 1 died, spawning replacement worker...
2020-11-13 13:51:51 Pool fork 1 died, spawning replacement worker...
2020-11-13 13:51:54 Pool fork 1 died, spawning replacement worker...
2020-11-13 13:52:37 Pool fork 1 died, spawning replacement worker...
2020-11-13 13:52:39 Pool fork 1 died, spawning replacement worker...
2020-11-13 13:52:42 Pool fork 1 died, spawning replacement worker...
2020-11-13 13:52:44 Pool fork 1 died, spawning replacement worker...
2020-11-13 13:52:46 Pool fork 1 died, spawning replacement worker...
2020-11-13 13:52:50 Pool fork 1 died, spawning replacement worker...
2020-11-13 13:52:52 Pool fork 1 died, spawning replacement worker...
2020-11-13 13:52:54 Pool fork 1 died, spawning replacement worker...
2020-11-13 13:52:57 Pool fork 1 died, spawning replacement worker...
2020-11-13 13:52:59 Pool fork 1 died, spawning replacement worker...
2020-11-13 13:53:01 Pool fork 1 died, spawning replacement worker...
2020-11-13 13:53:03 Pool fork 1 died, spawning replacement worker...
